May 04, 2018 3:38:12 PM logger.LoggerFactory getLogger
信息: log file created
May 04, 2018 3:38:12 PM logger.LoggerFactory getLogger
信息: Logger ready
May 04, 2018 3:38:12 PM RunChatClient launch
信息: Creating client to chenzeyudeMBP at port 1394 with verbose off ... 
May 04, 2018 3:38:12 PM logger.LoggerFactory getLogger
信息: Logger ready
May 04, 2018 3:38:12 PM chat.client.ChatClient <init>
信息: ChatClient: socket created
May 04, 2018 3:38:12 PM chat.client.ChatClient <init>
信息: ChatClient: got client output stream to server
May 04, 2018 3:38:12 PM chat.client.ChatClient <init>
信息: ChatClient: sending name to server ... 
May 04, 2018 3:38:12 PM chat.client.ChatClient <init>
信息: ChatClient: got client input stream from server
May 04, 2018 3:38:12 PM logger.LoggerFactory getLogger
信息: Logger ready
May 04, 2018 3:38:12 PM chat.client.UserHandler <init>
信息: UserHandler: creating user input buffered reader ... 
May 04, 2018 3:38:12 PM chat.client.UserHandler <init>
信息: UserHandler: creating server output print writer ... 
May 04, 2018 3:38:12 PM logger.LoggerFactory getLogger
信息: Logger ready
May 04, 2018 3:38:12 PM chat.client.ServerHandler <init>
信息: ServerHandler: creating server input reader ... 
May 04, 2018 3:38:12 PM chat.client.ServerHandler <init>
信息: ServerHandler: creating user output ... 
May 04, 2018 3:38:25 PM chat.client.UserHandler run
信息: UserHandler: changing run state at the end ... 
May 04, 2018 3:38:25 PM chat.client.ChatClient run
信息: ChatClient: All threads terminated
May 04, 2018 3:38:25 PM chat.client.UserHandler cleanup
信息: UserHandler: closing user input stream reader ... 
May 04, 2018 3:38:25 PM chat.client.UserHandler cleanup
信息: UserHandler: closing server output print writer ... 
May 04, 2018 3:38:25 PM chat.client.ServerHandler cleanup
信息: ServerHandler: closing server input stream reader ... 
May 04, 2018 3:38:25 PM chat.client.ServerHandler cleanup
信息: ServerHandler: closing user output print writer ... 
May 04, 2018 3:38:25 PM chat.client.ChatClient cleanup
信息: ChatClient: closing server output stream ... 
May 04, 2018 3:38:25 PM chat.client.ChatClient cleanup
信息: ChatClient: closing client socket ... 
