May 17, 2018 3:53:32 PM logger.LoggerFactory getLogger
信息: log file created
May 17, 2018 3:53:32 PM logger.LoggerFactory getLogger
信息: Logger ready
May 17, 2018 3:53:32 PM RunChatClient launch
信息: Creating client to chenzeyudeMacBook-Pro.local at port 1394 with verbose off ... 
May 17, 2018 3:53:33 PM logger.LoggerFactory getLogger
信息: Logger ready
May 17, 2018 3:53:33 PM widgets.AbstractClientFrame <init>
信息: AbstractClientFrame : PipedInputStream Created
May 17, 2018 3:53:33 PM widgets.AbstractClientFrame <init>
信息: AbstractClientFrame : PipedOutputStream Created
May 17, 2018 3:53:33 PM widgets.AbstractClientFrame <init>
信息: AbstractClientFrame : Printwriter to PipedOutputStream Created
May 17, 2018 3:53:33 PM logger.LoggerFactory getLogger
信息: Logger ready
May 17, 2018 3:53:33 PM chat.client.ChatClient <init>
信息: ChatClient: socket created
May 17, 2018 3:53:33 PM chat.client.ChatClient <init>
信息: ChatClient: got client output stream to server
May 17, 2018 3:53:33 PM chat.client.ChatClient <init>
信息: ChatClient: sending name to server ... 
May 17, 2018 3:53:33 PM chat.client.ChatClient <init>
信息: ChatClient: got client input stream from server
May 17, 2018 3:53:33 PM logger.LoggerFactory getLogger
信息: Logger ready
May 17, 2018 3:53:33 PM chat.client.UserHandler <init>
信息: UserHandler: creating user input buffered reader ... 
May 17, 2018 3:53:33 PM chat.client.UserHandler <init>
信息: UserHandler: creating server output print writer ... 
May 17, 2018 3:53:33 PM logger.LoggerFactory getLogger
信息: Logger ready
May 17, 2018 3:53:33 PM chat.client.ServerHandler <init>
信息: ServerHandler: creating server input reader ... 
May 17, 2018 3:53:33 PM chat.client.ServerHandler <init>
信息: ServerHandler: creating user output ... 
May 17, 2018 3:53:42 PM widgets.AbstractClientFrame sendMessage
信息: ClientFrame::sendMessage writing out: vzev
May 17, 2018 3:54:27 PM widgets.ClientFrame2$QuitAction actionPerformed
信息: QuitAction: sending bye ... 
May 17, 2018 3:54:28 PM widgets.AbstractClientFrame sendMessage
信息: ClientFrame::sendMessage writing out: bye
May 17, 2018 3:54:28 PM chat.client.UserHandler run
信息: UserHandler: changing run state at the end ... 
May 17, 2018 3:54:28 PM chat.client.ServerHandler run
警告: ServerHandler : IOException in run() when reading objects
May 17, 2018 3:54:28 PM chat.client.ServerHandler run
警告: ServerHandler: null input read
May 17, 2018 3:54:28 PM chat.client.ServerHandler run
信息: ServerHandler: changing run state at the end ... 
May 17, 2018 3:54:28 PM chat.client.ChatClient run
信息: ChatClient: All threads terminated
May 17, 2018 3:54:28 PM chat.client.UserHandler cleanup
信息: UserHandler: closing user input stream reader ... 
May 17, 2018 3:54:28 PM chat.client.UserHandler cleanup
信息: UserHandler: closing server output print writer ... 
May 17, 2018 3:54:28 PM chat.client.ServerHandler cleanup
信息: ServerHandler: closing server input stream reader ... 
May 17, 2018 3:54:28 PM chat.client.ServerHandler cleanup
信息: ServerHandler: closing user output print writer ... 
May 17, 2018 3:54:28 PM chat.client.ChatClient cleanup
信息: ChatClient: closing server output stream ... 
May 17, 2018 3:54:28 PM chat.client.ChatClient cleanup
信息: ChatClient: closing client socket ... 
May 17, 2018 3:54:28 PM widgets.ClientFrame2 run
严重: ClientFrame2 : error reading object IO Exception : null
May 17, 2018 3:54:28 PM widgets.ClientFrame2 run
信息: ClientFrame::cleanup: changing run state at the end ... 
May 17, 2018 3:54:28 PM widgets.ClientFrame2 cleanup
信息: ClientFrame2::cleanup: closing object input stream...
May 17, 2018 3:54:28 PM widgets.AbstractClientFrame cleanup
信息: ClientFrame::cleanup: closing window ... 
May 17, 2018 3:54:28 PM widgets.AbstractClientFrame cleanup
信息: ClientFrame::cleanup: closing output print writer ... 
May 17, 2018 3:54:28 PM widgets.AbstractClientFrame cleanup
信息: ClientFrame::cleanup: closing output stream ... 
May 17, 2018 3:54:28 PM widgets.AbstractClientFrame cleanup
信息: ClientFrame::cleanup: closing input stream ... 
